This file contains any messages produced by compilers while
running configure, to aid debugging if configure makes a mistake.

It was created by Xnp2 configure 0.86, which was
generated by GNU Autoconf 2.69.  Invocation command line was

  $ ./configure 

## --------- ##
## Platform. ##
## --------- ##

hostname = harmonious-computer
uname -m = x86_64
uname -r = 4.15.0-132-generic
uname -s = Linux
uname -v = #136-Ubuntu SMP Tue Jan 12 14:58:42 UTC 2021

/usr/bin/uname -p = unknown
/bin/uname -X     = unknown

/bin/arch              = unknown
/usr/bin/arch -k       = unknown
/usr/convex/getsysinfo = unknown
/usr/bin/hostinfo      = unknown
/bin/machine           = unknown
/usr/bin/oslevel       = unknown
/bin/universe          = unknown

PATH: /home/jbs/.nix-profile/bin
PATH: /home/jbs/.local/node-v13.1.0-linux-x64/bin
PATH: /home/jbs/.local/julia-1.5.1/bin
PATH: /home/jbs/perl5/bin
PATH: /home/jbs/.cargo/bin
PATH: /usr/local/heroku/bin
PATH: /opt/pgi/linux86-64/11.9/bin
PATH: /usr/local/sbin
PATH: /usr/local/bin
PATH: /usr/sbin
PATH: /usr/bin
PATH: /sbin
PATH: /bin
PATH: /usr/games
PATH: /usr/local/games
PATH: /opt/intel/composer_xe_2015.0.090/bin/intel64/
PATH: /opt/intel/parallel_studio_xe_2015/bin
PATH: /opt/intel/composer_xe_2015.0.090/mkl/bin
PATH: /opt/intel/composer_xe_2015.0.090/mpirt/bin
PATH: /opt/intel/composer_xe_2015.0.090/debugger/python/intel64/bin
PATH: /opt/intel/composer_xe_2015.0.090/debugger/gdb/intel64/bin
PATH: /opt/intel/composer_xe_2015.0.090/debugger/gdb/target/mic/bin
PATH: /opt/intel/composer_xe_2015.0.090/debugger/gdb/intel64_mic/bin
PATH: /opt/intel/composer_xe_2015.0.090/debugger/mpm/bin
PATH: /opt/intel/composer_xe_2015.0.090/tbb/bin
PATH: /opt/intel/composer_xe_2015.0.090/ipp/bin
PATH: /opt/intel/composer_xe_2015.0.090/bin
PATH: /opt/intel/composer_xe_2015.0.090/bin/sourcechecker/bin
PATH: /opt/intel/impi/5.0.1.035/intel64/bin
PATH: /opt/intel/impi/5.0.1.035/mic/bin
PATH: /opt/intel/itac/9.0.1.033/intel64/bin
PATH: /opt/intel/itac/9.0.1.033/mic/bin
PATH: .
PATH: /home/jbs/.fzf/bin


## ----------- ##
## Core tests. ##
## ----------- ##

configure:2429: checking for a BSD-compatible install
configure:2497: result: /usr/bin/install -c
configure:2508: checking whether build environment is sane
configure:2563: result: yes
configure:2714: checking for a thread-safe mkdir -p
configure:2753: result: /bin/mkdir -p
configure:2760: checking for gawk
configure:2776: found /usr/bin/gawk
configure:2787: result: gawk
configure:2798: checking whether make sets $(MAKE)
configure:2820: result: yes
configure:2849: checking whether make supports nested variables
configure:2866: result: yes
configure:2990: checking build system type
configure:3004: result: x86_64-unknown-linux-gnu
configure:3024: checking host system type
configure:3037: result: x86_64-unknown-linux-gnu
configure:3106: checking for gcc
configure:3122: found /usr/bin/gcc
configure:3133: result: gcc
configure:3362: checking for C compiler version
configure:3371: gcc --version >&5
gcc (Ubuntu 7.5.0-3ubuntu1~18.04) 7.5.0
Copyright (C) 2017 Free Software Foundation, Inc.
This is free software; see the source for copying conditions.  There is NO
warranty; not even for MERCHANTABILITY or FITNESS FOR A PARTICULAR PURPOSE.

configure:3382: $? = 0
configure:3371: gcc -v >&5
Using built-in specs.
COLLECT_GCC=gcc
COLLECT_LTO_WRAPPER=/usr/lib/gcc/x86_64-linux-gnu/7/lto-wrapper
OFFLOAD_TARGET_NAMES=nvptx-none
OFFLOAD_TARGET_DEFAULT=1
Target: x86_64-linux-gnu
Configured with: ../src/configure -v --with-pkgversion='Ubuntu 7.5.0-3ubuntu1~18.04' --with-bugurl=file:///usr/share/doc/gcc-7/README.Bugs --enable-languages=c,ada,c++,go,brig,d,fortran,objc,obj-c++ --prefix=/usr --with-gcc-major-version-only --program-suffix=-7 --program-prefix=x86_64-linux-gnu- --enable-shared --enable-linker-build-id --libexecdir=/usr/lib --without-included-gettext --enable-threads=posix --libdir=/usr/lib --enable-nls --enable-bootstrap --enable-clocale=gnu --enable-libstdcxx-debug --enable-libstdcxx-time=yes --with-default-libstdcxx-abi=new --enable-gnu-unique-object --disable-vtable-verify --enable-libmpx --enable-plugin --enable-default-pie --with-system-zlib --with-target-system-zlib --enable-objc-gc=auto --enable-multiarch --disable-werror --with-arch-32=i686 --with-abi=m64 --with-multilib-list=m32,m64,mx32 --enable-multilib --with-tune=generic --enable-offload-targets=nvptx-none --without-cuda-driver --enable-checking=release --build=x86_64-linux-gnu --host=x86_64-linux-gnu --target=x86_64-linux-gnu
Thread model: posix
gcc version 7.5.0 (Ubuntu 7.5.0-3ubuntu1~18.04) 
configure:3382: $? = 0
configure:3371: gcc -V >&5
gcc: error: unrecognized command line option '-V'
gcc: fatal error: no input files
compilation terminated.
configure:3382: $? = 1
configure:3371: gcc -qversion >&5
gcc: error: unrecognized command line option '-qversion'; did you mean '--version'?
gcc: fatal error: no input files
compilation terminated.
configure:3382: $? = 1
configure:3402: checking whether the C compiler works
configure:3424: gcc    conftest.c  >&5
configure:3428: $? = 0
configure:3476: result: yes
configure:3479: checking for C compiler default output file name
configure:3481: result: a.out
configure:3487: checking for suffix of executables
configure:3494: gcc -o conftest    conftest.c  >&5
configure:3498: $? = 0
configure:3520: result: 
configure:3542: checking whether we are cross compiling
configure:3550: gcc -o conftest    conftest.c  >&5
configure:3554: $? = 0
configure:3561: ./conftest
configure:3565: $? = 0
configure:3580: result: no
configure:3585: checking for suffix of object files
configure:3607: gcc -c   conftest.c >&5
configure:3611: $? = 0
configure:3632: result: o
configure:3636: checking whether we are using the GNU C compiler
configure:3655: gcc -c   conftest.c >&5
configure:3655: $? = 0
configure:3664: result: yes
configure:3673: checking whether gcc accepts -g
configure:3693: gcc -c -g  conftest.c >&5
configure:3693: $? = 0
configure:3734: result: yes
configure:3751: checking for gcc option to accept ISO C89
configure:3814: gcc  -c -g -O2  conftest.c >&5
configure:3814: $? = 0
configure:3827: result: none needed
configure:3852: checking whether gcc understands -c and -o together
configure:3874: gcc -c conftest.c -o conftest2.o
configure:3877: $? = 0
configure:3874: gcc -c conftest.c -o conftest2.o
configure:3877: $? = 0
configure:3889: result: yes
configure:3917: checking for style of include used by make
configure:3945: result: GNU
configure:3971: checking dependency style of gcc
configure:4082: result: none
configure:4156: checking for g++
configure:4172: found /usr/bin/g++
configure:4183: result: g++
configure:4210: checking for C++ compiler version
configure:4219: g++ --version >&5
g++ (Ubuntu 7.5.0-3ubuntu1~18.04) 7.5.0
Copyright (C) 2017 Free Software Foundation, Inc.
This is free software; see the source for copying conditions.  There is NO
warranty; not even for MERCHANTABILITY or FITNESS FOR A PARTICULAR PURPOSE.

configure:4230: $? = 0
configure:4219: g++ -v >&5
Using built-in specs.
COLLECT_GCC=g++
COLLECT_LTO_WRAPPER=/usr/lib/gcc/x86_64-linux-gnu/7/lto-wrapper
OFFLOAD_TARGET_NAMES=nvptx-none
OFFLOAD_TARGET_DEFAULT=1
Target: x86_64-linux-gnu
Configured with: ../src/configure -v --with-pkgversion='Ubuntu 7.5.0-3ubuntu1~18.04' --with-bugurl=file:///usr/share/doc/gcc-7/README.Bugs --enable-languages=c,ada,c++,go,brig,d,fortran,objc,obj-c++ --prefix=/usr --with-gcc-major-version-only --program-suffix=-7 --program-prefix=x86_64-linux-gnu- --enable-shared --enable-linker-build-id --libexecdir=/usr/lib --without-included-gettext --enable-threads=posix --libdir=/usr/lib --enable-nls --enable-bootstrap --enable-clocale=gnu --enable-libstdcxx-debug --enable-libstdcxx-time=yes --with-default-libstdcxx-abi=new --enable-gnu-unique-object --disable-vtable-verify --enable-libmpx --enable-plugin --enable-default-pie --with-system-zlib --with-target-system-zlib --enable-objc-gc=auto --enable-multiarch --disable-werror --with-arch-32=i686 --with-abi=m64 --with-multilib-list=m32,m64,mx32 --enable-multilib --with-tune=generic --enable-offload-targets=nvptx-none --without-cuda-driver --enable-checking=release --build=x86_64-linux-gnu --host=x86_64-linux-gnu --target=x86_64-linux-gnu
Thread model: posix
gcc version 7.5.0 (Ubuntu 7.5.0-3ubuntu1~18.04) 
configure:4230: $? = 0
configure:4219: g++ -V >&5
g++: error: unrecognized command line option '-V'
g++: fatal error: no input files
compilation terminated.
configure:4230: $? = 1
configure:4219: g++ -qversion >&5
g++: error: unrecognized command line option '-qversion'; did you mean '--version'?
g++: fatal error: no input files
compilation terminated.
configure:4230: $? = 1
configure:4234: checking whether we are using the GNU C++ compiler
configure:4253: g++ -c   conftest.cpp >&5
configure:4253: $? = 0
configure:4262: result: yes
configure:4271: checking whether g++ accepts -g
configure:4291: g++ -c -g  conftest.cpp >&5
configure:4291: $? = 0
configure:4332: result: yes
configure:4357: checking dependency style of g++
configure:4468: result: none
configure:4489: checking how to run the C preprocessor
configure:4520: gcc -E  conftest.c
configure:4520: $? = 0
configure:4534: gcc -E  conftest.c
conftest.c:9:10: fatal error: ac_nonexistent.h: No such file or directory
 #include <ac_nonexistent.h>
          ^~~~~~~~~~~~~~~~~~
compilation terminated.
configure:4534: $? = 1
configure: failed program was:
| /* confdefs.h */
| #define PACKAGE_NAME "Xnp2"
| #define PACKAGE_TARNAME "xnp2"
| #define PACKAGE_VERSION "0.86"
| #define PACKAGE_STRING "Xnp2 0.86"
| #define PACKAGE_BUGREPORT "nonakap@gmail.com"
| #define PACKAGE_URL ""
| /* end confdefs.h.  */
| #include <ac_nonexistent.h>
configure:4559: result: gcc -E
configure:4579: gcc -E  conftest.c
configure:4579: $? = 0
configure:4593: gcc -E  conftest.c
conftest.c:9:10: fatal error: ac_nonexistent.h: No such file or directory
 #include <ac_nonexistent.h>
          ^~~~~~~~~~~~~~~~~~
compilation terminated.
configure:4593: $? = 1
configure: failed program was:
| /* confdefs.h */
| #define PACKAGE_NAME "Xnp2"
| #define PACKAGE_TARNAME "xnp2"
| #define PACKAGE_VERSION "0.86"
| #define PACKAGE_STRING "Xnp2 0.86"
| #define PACKAGE_BUGREPORT "nonakap@gmail.com"
| #define PACKAGE_URL ""
| /* end confdefs.h.  */
| #include <ac_nonexistent.h>
configure:4622: checking for grep that handles long lines and -e
configure:4680: result: /bin/grep
configure:4685: checking for egrep
configure:4747: result: /bin/grep -E
configure:4753: checking whether gcc needs -traditional
configure:4787: result: no
configure:4837: checking for ranlib
configure:4853: found /usr/bin/ranlib
configure:4864: result: ranlib
configure:4887: checking whether ln -s works
configure:4891: result: yes
configure:4899: checking for ANSI C header files
configure:4919: gcc -c -g -O2  conftest.c >&5
configure:4919: $? = 0
configure:4992: gcc -o conftest -g -O2   conftest.c  >&5
configure:4992: $? = 0
configure:4992: ./conftest
configure:4992: $? = 0
configure:5003: result: yes
configure:5014: checking for dirent.h that defines DIR
configure:5033: gcc -c -g -O2  conftest.c >&5
configure:5033: $? = 0
configure:5041: result: yes
configure:5054: checking for library containing opendir
configure:5085: gcc -o conftest -g -O2   conftest.c  >&5
configure:5085: $? = 0
configure:5102: result: none required
configure:5169: checking for ANSI C header files
configure:5273: result: yes
configure:5286: checking for sys/types.h
configure:5286: gcc -c -g -O2  conftest.c >&5
configure:5286: $? = 0
configure:5286: result: yes
configure:5286: checking for sys/stat.h
configure:5286: gcc -c -g -O2  conftest.c >&5
configure:5286: $? = 0
configure:5286: result: yes
configure:5286: checking for stdlib.h
configure:5286: gcc -c -g -O2  conftest.c >&5
configure:5286: $? = 0
configure:5286: result: yes
configure:5286: checking for string.h
configure:5286: gcc -c -g -O2  conftest.c >&5
configure:5286: $? = 0
configure:5286: result: yes
configure:5286: checking for memory.h
configure:5286: gcc -c -g -O2  conftest.c >&5
configure:5286: $? = 0
configure:5286: result: yes
configure:5286: checking for strings.h
configure:5286: gcc -c -g -O2  conftest.c >&5
configure:5286: $? = 0
configure:5286: result: yes
configure:5286: checking for inttypes.h
configure:5286: gcc -c -g -O2  conftest.c >&5
configure:5286: $? = 0
configure:5286: result: yes
configure:5286: checking for stdint.h
configure:5286: gcc -c -g -O2  conftest.c >&5
configure:5286: $? = 0
configure:5286: result: yes
configure:5286: checking for unistd.h
configure:5286: gcc -c -g -O2  conftest.c >&5
configure:5286: $? = 0
configure:5286: result: yes
configure:5301: checking fcntl.h usability
configure:5301: gcc -c -g -O2  conftest.c >&5
configure:5301: $? = 0
configure:5301: result: yes
configure:5301: checking fcntl.h presence
configure:5301: gcc -E  conftest.c
configure:5301: $? = 0
configure:5301: result: yes
configure:5301: checking for fcntl.h
configure:5301: result: yes
configure:5301: checking limits.h usability
configure:5301: gcc -c -g -O2  conftest.c >&5
configure:5301: $? = 0
configure:5301: result: yes
configure:5301: checking limits.h presence
configure:5301: gcc -E  conftest.c
configure:5301: $? = 0
configure:5301: result: yes
configure:5301: checking for limits.h
configure:5301: result: yes
configure:5301: checking malloc.h usability
configure:5301: gcc -c -g -O2  conftest.c >&5
configure:5301: $? = 0
configure:5301: result: yes
configure:5301: checking malloc.h presence
configure:5301: gcc -E  conftest.c
configure:5301: $? = 0
configure:5301: result: yes
configure:5301: checking for malloc.h
configure:5301: result: yes
configure:5301: checking stddef.h usability
configure:5301: gcc -c -g -O2  conftest.c >&5
configure:5301: $? = 0
configure:5301: result: yes
configure:5301: checking stddef.h presence
configure:5301: gcc -E  conftest.c
configure:5301: $? = 0
configure:5301: result: yes
configure:5301: checking for stddef.h
configure:5301: result: yes
configure:5301: checking for stdlib.h
configure:5301: result: yes
configure:5301: checking for string.h
configure:5301: result: yes
configure:5301: checking sys/ioctl.h usability
configure:5301: gcc -c -g -O2  conftest.c >&5
configure:5301: $? = 0
configure:5301: result: yes
configure:5301: checking sys/ioctl.h presence
configure:5301: gcc -E  conftest.c
configure:5301: $? = 0
configure:5301: result: yes
configure:5301: checking for sys/ioctl.h
configure:5301: result: yes
configure:5301: checking sys/param.h usability
configure:5301: gcc -c -g -O2  conftest.c >&5
configure:5301: $? = 0
configure:5301: result: yes
configure:5301: checking sys/param.h presence
configure:5301: gcc -E  conftest.c
configure:5301: $? = 0
configure:5301: result: yes
configure:5301: checking for sys/param.h
configure:5301: result: yes
configure:5301: checking sys/socket.h usability
configure:5301: gcc -c -g -O2  conftest.c >&5
configure:5301: $? = 0
configure:5301: result: yes
configure:5301: checking sys/socket.h presence
configure:5301: gcc -E  conftest.c
configure:5301: $? = 0
configure:5301: result: yes
configure:5301: checking for sys/socket.h
configure:5301: result: yes
configure:5301: checking sys/time.h usability
configure:5301: gcc -c -g -O2  conftest.c >&5
configure:5301: $? = 0
configure:5301: result: yes
configure:5301: checking sys/time.h presence
configure:5301: gcc -E  conftest.c
configure:5301: $? = 0
configure:5301: result: yes
configure:5301: checking for sys/time.h
configure:5301: result: yes
configure:5301: checking termios.h usability
configure:5301: gcc -c -g -O2  conftest.c >&5
configure:5301: $? = 0
configure:5301: result: yes
configure:5301: checking termios.h presence
configure:5301: gcc -E  conftest.c
configure:5301: $? = 0
configure:5301: result: yes
configure:5301: checking for termios.h
configure:5301: result: yes
configure:5301: checking for unistd.h
configure:5301: result: yes
configure:5312: checking whether byte ordering is bigendian
configure:5327: gcc -c -g -O2  conftest.c >&5
conftest.c:34:9: error: unknown type name 'not'
         not a universal capable compiler
         ^~~
conftest.c:34:15: error: expected '=', ',', ';', 'asm' or '__attribute__' before 'universal'
         not a universal capable compiler
               ^~~~~~~~~
conftest.c:34:15: error: unknown type name 'universal'
configure:5327: $? = 1
configure: failed program was:
| /* confdefs.h */
| #define PACKAGE_NAME "Xnp2"
| #define PACKAGE_TARNAME "xnp2"
| #define PACKAGE_VERSION "0.86"
| #define PACKAGE_STRING "Xnp2 0.86"
| #define PACKAGE_BUGREPORT "nonakap@gmail.com"
| #define PACKAGE_URL ""
| #define STDC_HEADERS 1
| #define HAVE_DIRENT_H 1
| #define STDC_HEADERS 1
| #define HAVE_SYS_TYPES_H 1
| #define HAVE_SYS_STAT_H 1
| #define HAVE_STDLIB_H 1
| #define HAVE_STRING_H 1
| #define HAVE_MEMORY_H 1
| #define HAVE_STRINGS_H 1
| #define HAVE_INTTYPES_H 1
| #define HAVE_STDINT_H 1
| #define HAVE_UNISTD_H 1
| #define HAVE_FCNTL_H 1
| #define HAVE_LIMITS_H 1
| #define HAVE_MALLOC_H 1
| #define HAVE_STDDEF_H 1
| #define HAVE_STDLIB_H 1
| #define HAVE_STRING_H 1
| #define HAVE_SYS_IOCTL_H 1
| #define HAVE_SYS_PARAM_H 1
| #define HAVE_SYS_SOCKET_H 1
| #define HAVE_SYS_TIME_H 1
| #define HAVE_TERMIOS_H 1
| #define HAVE_UNISTD_H 1
| /* end confdefs.h.  */
| #ifndef __APPLE_CC__
| 	       not a universal capable compiler
| 	     #endif
| 	     typedef int dummy;
| 
configure:5372: gcc -c -g -O2  conftest.c >&5
configure:5372: $? = 0
configure:5390: gcc -c -g -O2  conftest.c >&5
conftest.c: In function 'main':
conftest.c:40:4: error: unknown type name 'not'; did you mean 'ino_t'?
    not big endian
    ^~~
    ino_t
conftest.c:40:12: error: expected '=', ',', ';', 'asm' or '__attribute__' before 'endian'
    not big endian
            ^~~~~~
configure:5390: $? = 1
configure: failed program was:
| /* confdefs.h */
| #define PACKAGE_NAME "Xnp2"
| #define PACKAGE_TARNAME "xnp2"
| #define PACKAGE_VERSION "0.86"
| #define PACKAGE_STRING "Xnp2 0.86"
| #define PACKAGE_BUGREPORT "nonakap@gmail.com"
| #define PACKAGE_URL ""
| #define STDC_HEADERS 1
| #define HAVE_DIRENT_H 1
| #define STDC_HEADERS 1
| #define HAVE_SYS_TYPES_H 1
| #define HAVE_SYS_STAT_H 1
| #define HAVE_STDLIB_H 1
| #define HAVE_STRING_H 1
| #define HAVE_MEMORY_H 1
| #define HAVE_STRINGS_H 1
| #define HAVE_INTTYPES_H 1
| #define HAVE_STDINT_H 1
| #define HAVE_UNISTD_H 1
| #define HAVE_FCNTL_H 1
| #define HAVE_LIMITS_H 1
| #define HAVE_MALLOC_H 1
| #define HAVE_STDDEF_H 1
| #define HAVE_STDLIB_H 1
| #define HAVE_STRING_H 1
| #define HAVE_SYS_IOCTL_H 1
| #define HAVE_SYS_PARAM_H 1
| #define HAVE_SYS_SOCKET_H 1
| #define HAVE_SYS_TIME_H 1
| #define HAVE_TERMIOS_H 1
| #define HAVE_UNISTD_H 1
| /* end confdefs.h.  */
| #include <sys/types.h>
| 		#include <sys/param.h>
| 
| int
| main ()
| {
| #if BYTE_ORDER != BIG_ENDIAN
| 		 not big endian
| 		#endif
| 
|   ;
|   return 0;
| }
configure:5518: result: no
configure:5536: checking for an ANSI C-conforming const
configure:5602: gcc -c -g -O2  conftest.c >&5
configure:5602: $? = 0
configure:5609: result: yes
configure:5617: checking for inline
configure:5633: gcc -c -g -O2  conftest.c >&5
configure:5633: $? = 0
configure:5641: result: inline
configure:5659: checking for size_t
configure:5659: gcc -c -g -O2  conftest.c >&5
configure:5659: $? = 0
configure:5659: gcc -c -g -O2  conftest.c >&5
conftest.c: In function 'main':
conftest.c:69:21: error: expected expression before ')' token
 if (sizeof ((size_t)))
                     ^
configure:5659: $? = 1
configure: failed program was:
| /* confdefs.h */
| #define PACKAGE_NAME "Xnp2"
| #define PACKAGE_TARNAME "xnp2"
| #define PACKAGE_VERSION "0.86"
| #define PACKAGE_STRING "Xnp2 0.86"
| #define PACKAGE_BUGREPORT "nonakap@gmail.com"
| #define PACKAGE_URL ""
| #define STDC_HEADERS 1
| #define HAVE_DIRENT_H 1
| #define STDC_HEADERS 1
| #define HAVE_SYS_TYPES_H 1
| #define HAVE_SYS_STAT_H 1
| #define HAVE_STDLIB_H 1
| #define HAVE_STRING_H 1
| #define HAVE_MEMORY_H 1
| #define HAVE_STRINGS_H 1
| #define HAVE_INTTYPES_H 1
| #define HAVE_STDINT_H 1
| #define HAVE_UNISTD_H 1
| #define HAVE_FCNTL_H 1
| #define HAVE_LIMITS_H 1
| #define HAVE_MALLOC_H 1
| #define HAVE_STDDEF_H 1
| #define HAVE_STDLIB_H 1
| #define HAVE_STRING_H 1
| #define HAVE_SYS_IOCTL_H 1
| #define HAVE_SYS_PARAM_H 1
| #define HAVE_SYS_SOCKET_H 1
| #define HAVE_SYS_TIME_H 1
| #define HAVE_TERMIOS_H 1
| #define HAVE_UNISTD_H 1
| /* end confdefs.h.  */
| #include <stdio.h>
| #ifdef HAVE_SYS_TYPES_H
| # include <sys/types.h>
| #endif
| #ifdef HAVE_SYS_STAT_H
| # include <sys/stat.h>
| #endif
| #ifdef STDC_HEADERS
| # include <stdlib.h>
| # include <stddef.h>
| #else
| # ifdef HAVE_STDLIB_H
| #  include <stdlib.h>
| # endif
| #endif
| #ifdef HAVE_STRING_H
| # if !defined STDC_HEADERS && defined HAVE_MEMORY_H
| #  include <memory.h>
| # endif
| # include <string.h>
| #endif
| #ifdef HAVE_STRINGS_H
| # include <strings.h>
| #endif
| #ifdef HAVE_INTTYPES_H
| # include <inttypes.h>
| #endif
| #ifdef HAVE_STDINT_H
| # include <stdint.h>
| #endif
| #ifdef HAVE_UNISTD_H
| # include <unistd.h>
| #endif
| int
| main ()
| {
| if (sizeof ((size_t)))
| 	    return 0;
|   ;
|   return 0;
| }
configure:5659: result: yes
configure:5670: checking for ssize_t
configure:5670: gcc -c -g -O2  conftest.c >&5
configure:5670: $? = 0
configure:5670: gcc -c -g -O2  conftest.c >&5
conftest.c: In function 'main':
conftest.c:69:22: error: expected expression before ')' token
 if (sizeof ((ssize_t)))
                      ^
configure:5670: $? = 1
configure: failed program was:
| /* confdefs.h */
| #define PACKAGE_NAME "Xnp2"
| #define PACKAGE_TARNAME "xnp2"
| #define PACKAGE_VERSION "0.86"
| #define PACKAGE_STRING "Xnp2 0.86"
| #define PACKAGE_BUGREPORT "nonakap@gmail.com"
| #define PACKAGE_URL ""
| #define STDC_HEADERS 1
| #define HAVE_DIRENT_H 1
| #define STDC_HEADERS 1
| #define HAVE_SYS_TYPES_H 1
| #define HAVE_SYS_STAT_H 1
| #define HAVE_STDLIB_H 1
| #define HAVE_STRING_H 1
| #define HAVE_MEMORY_H 1
| #define HAVE_STRINGS_H 1
| #define HAVE_INTTYPES_H 1
| #define HAVE_STDINT_H 1
| #define HAVE_UNISTD_H 1
| #define HAVE_FCNTL_H 1
| #define HAVE_LIMITS_H 1
| #define HAVE_MALLOC_H 1
| #define HAVE_STDDEF_H 1
| #define HAVE_STDLIB_H 1
| #define HAVE_STRING_H 1
| #define HAVE_SYS_IOCTL_H 1
| #define HAVE_SYS_PARAM_H 1
| #define HAVE_SYS_SOCKET_H 1
| #define HAVE_SYS_TIME_H 1
| #define HAVE_TERMIOS_H 1
| #define HAVE_UNISTD_H 1
| /* end confdefs.h.  */
| #include <stdio.h>
| #ifdef HAVE_SYS_TYPES_H
| # include <sys/types.h>
| #endif
| #ifdef HAVE_SYS_STAT_H
| # include <sys/stat.h>
| #endif
| #ifdef STDC_HEADERS
| # include <stdlib.h>
| # include <stddef.h>
| #else
| # ifdef HAVE_STDLIB_H
| #  include <stdlib.h>
| # endif
| #endif
| #ifdef HAVE_STRING_H
| # if !defined STDC_HEADERS && defined HAVE_MEMORY_H
| #  include <memory.h>
| # endif
| # include <string.h>
| #endif
| #ifdef HAVE_STRINGS_H
| # include <strings.h>
| #endif
| #ifdef HAVE_INTTYPES_H
| # include <inttypes.h>
| #endif
| #ifdef HAVE_STDINT_H
| # include <stdint.h>
| #endif
| #ifdef HAVE_UNISTD_H
| # include <unistd.h>
| #endif
| int
| main ()
| {
| if (sizeof ((ssize_t)))
| 	    return 0;
|   ;
|   return 0;
| }
configure:5670: result: yes
configure:5681: checking whether time.h and sys/time.h may both be included
configure:5701: gcc -c -g -O2  conftest.c >&5
configure:5701: $? = 0
configure:5708: result: yes
configure:5716: checking whether struct tm is in sys/time.h or time.h
configure:5736: gcc -c -g -O2  conftest.c >&5
configure:5736: $? = 0
configure:5743: result: time.h
configure:5751: checking for working volatile
configure:5770: gcc -c -g -O2  conftest.c >&5
configure:5770: $? = 0
configure:5777: result: yes
configure:5785: checking for ptrdiff_t
configure:5785: gcc -c -g -O2  conftest.c >&5
configure:5785: $? = 0
configure:5785: gcc -c -g -O2  conftest.c >&5
conftest.c: In function 'main':
conftest.c:70:24: error: expected expression before ')' token
 if (sizeof ((ptrdiff_t)))
                        ^
configure:5785: $? = 1
configure: failed program was:
| /* confdefs.h */
| #define PACKAGE_NAME "Xnp2"
| #define PACKAGE_TARNAME "xnp2"
| #define PACKAGE_VERSION "0.86"
| #define PACKAGE_STRING "Xnp2 0.86"
| #define PACKAGE_BUGREPORT "nonakap@gmail.com"
| #define PACKAGE_URL ""
| #define STDC_HEADERS 1
| #define HAVE_DIRENT_H 1
| #define STDC_HEADERS 1
| #define HAVE_SYS_TYPES_H 1
| #define HAVE_SYS_STAT_H 1
| #define HAVE_STDLIB_H 1
| #define HAVE_STRING_H 1
| #define HAVE_MEMORY_H 1
| #define HAVE_STRINGS_H 1
| #define HAVE_INTTYPES_H 1
| #define HAVE_STDINT_H 1
| #define HAVE_UNISTD_H 1
| #define HAVE_FCNTL_H 1
| #define HAVE_LIMITS_H 1
| #define HAVE_MALLOC_H 1
| #define HAVE_STDDEF_H 1
| #define HAVE_STDLIB_H 1
| #define HAVE_STRING_H 1
| #define HAVE_SYS_IOCTL_H 1
| #define HAVE_SYS_PARAM_H 1
| #define HAVE_SYS_SOCKET_H 1
| #define HAVE_SYS_TIME_H 1
| #define HAVE_TERMIOS_H 1
| #define HAVE_UNISTD_H 1
| #define TIME_WITH_SYS_TIME 1
| /* end confdefs.h.  */
| #include <stdio.h>
| #ifdef HAVE_SYS_TYPES_H
| # include <sys/types.h>
| #endif
| #ifdef HAVE_SYS_STAT_H
| # include <sys/stat.h>
| #endif
| #ifdef STDC_HEADERS
| # include <stdlib.h>
| # include <stddef.h>
| #else
| # ifdef HAVE_STDLIB_H
| #  include <stdlib.h>
| # endif
| #endif
| #ifdef HAVE_STRING_H
| # if !defined STDC_HEADERS && defined HAVE_MEMORY_H
| #  include <memory.h>
| # endif
| # include <string.h>
| #endif
| #ifdef HAVE_STRINGS_H
| # include <strings.h>
| #endif
| #ifdef HAVE_INTTYPES_H
| # include <inttypes.h>
| #endif
| #ifdef HAVE_STDINT_H
| # include <stdint.h>
| #endif
| #ifdef HAVE_UNISTD_H
| # include <unistd.h>
| #endif
| int
| main ()
| {
| if (sizeof ((ptrdiff_t)))
| 	    return 0;
|   ;
|   return 0;
| }
configure:5785: result: yes
configure:5802: checking for special C compiler options needed for large files
configure:5847: result: no
configure:5853: checking for _FILE_OFFSET_BITS value needed for large files
configure:5878: gcc -c -g -O2  conftest.c >&5
configure:5878: $? = 0
configure:5910: result: no
configure:5995: checking whether char is unsigned
configure:6014: gcc -c -g -O2  conftest.c >&5
configure:6014: $? = 0
configure:6021: result: no
configure:6038: checking whether closedir returns void
configure:6062: gcc -o conftest -g -O2   conftest.c  >&5
configure:6062: $? = 0
configure:6062: ./conftest
configure:6062: $? = 0
configure:6072: result: no
configure:6082: checking for stdlib.h
configure:6082: result: yes
configure:6092: checking for GNU libc compatible malloc
configure:6116: gcc -o conftest -g -O2   conftest.c  >&5
configure:6116: $? = 0
configure:6116: ./conftest
configure:6116: $? = 0
configure:6126: result: yes
configure:6147: checking for working memcmp
configure:6190: gcc -o conftest -g -O2   conftest.c  >&5
configure:6190: $? = 0
configure:6190: ./conftest
configure:6190: $? = 0
configure:6200: result: yes
configure:6209: checking whether lstat correctly handles trailing slash
configure:6235: gcc -o conftest -g -O2   conftest.c  >&5
configure:6235: $? = 0
configure:6235: ./conftest
configure:6235: $? = 0
configure:6252: result: yes
configure:6271: checking whether stat accepts an empty string
configure:6291: gcc -o conftest -g -O2   conftest.c  >&5
configure:6291: $? = 0
configure:6291: ./conftest
configure:6291: $? = 0
configure:6301: result: no
configure:6319: checking for vprintf
configure:6319: gcc -o conftest -g -O2   conftest.c  >&5
conftest.c:61:6: warning: conflicting types for built-in function 'vprintf' [-Wbuiltin-declaration-mismatch]
 char vprintf ();
      ^~~~~~~
configure:6319: $? = 0
configure:6319: result: yes
configure:6325: checking for _doprnt
configure:6325: gcc -o conftest -g -O2   conftest.c  >&5
/tmp/user/1000/cc7FmX3h.o: In function `main':
/home/jbs/Downloads/np21w-0.86-rev80/src/np21w-0.86/x11/conftest.c:73: undefined reference to `_doprnt'
collect2: error: ld returned 1 exit status
configure:6325: $? = 1
configure: failed program was:
| /* confdefs.h */
| #define PACKAGE_NAME "Xnp2"
| #define PACKAGE_TARNAME "xnp2"
| #define PACKAGE_VERSION "0.86"
| #define PACKAGE_STRING "Xnp2 0.86"
| #define PACKAGE_BUGREPORT "nonakap@gmail.com"
| #define PACKAGE_URL ""
| #define STDC_HEADERS 1
| #define HAVE_DIRENT_H 1
| #define STDC_HEADERS 1
| #define HAVE_SYS_TYPES_H 1
| #define HAVE_SYS_STAT_H 1
| #define HAVE_STDLIB_H 1
| #define HAVE_STRING_H 1
| #define HAVE_MEMORY_H 1
| #define HAVE_STRINGS_H 1
| #define HAVE_INTTYPES_H 1
| #define HAVE_STDINT_H 1
| #define HAVE_UNISTD_H 1
| #define HAVE_FCNTL_H 1
| #define HAVE_LIMITS_H 1
| #define HAVE_MALLOC_H 1
| #define HAVE_STDDEF_H 1
| #define HAVE_STDLIB_H 1
| #define HAVE_STRING_H 1
| #define HAVE_SYS_IOCTL_H 1
| #define HAVE_SYS_PARAM_H 1
| #define HAVE_SYS_SOCKET_H 1
| #define HAVE_SYS_TIME_H 1
| #define HAVE_TERMIOS_H 1
| #define HAVE_UNISTD_H 1
| #define TIME_WITH_SYS_TIME 1
| #define HAVE_PTRDIFF_T 1
| #define HAVE_STDLIB_H 1
| #define HAVE_MALLOC 1
| #define LSTAT_FOLLOWS_SLASHED_SYMLINK 1
| #define HAVE_VPRINTF 1
| /* end confdefs.h.  */
| /* Define _doprnt to an innocuous variant, in case <limits.h> declares _doprnt.
|    For example, HP-UX 11i <limits.h> declares gettimeofday.  */
| #define _doprnt innocuous__doprnt
| 
| /* System header to define __stub macros and hopefully few prototypes,
|     which can conflict with char _doprnt (); below.
|     Prefer <limits.h> to <assert.h> if __STDC__ is defined, since
|     <limits.h> exists even on freestanding compilers.  */
| 
| #ifdef __STDC__
| # include <limits.h>
| #else
| # include <assert.h>
| #endif
| 
| #undef _doprnt
| 
| /* Override any GCC internal prototype to avoid an error.
|    Use char because int might match the return type of a GCC
|    builtin and then its argument prototype would still apply.  */
| #ifdef __cplusplus
| extern "C"
| #endif
| char _doprnt ();
| /* The GNU C library defines this for functions which it implements
|     to always fail with ENOSYS.  Some functions are actually named
|     something starting with __ and the normal name is an alias.  */
| #if defined __stub__doprnt || defined __stub____doprnt
| choke me
| #endif
| 
| int
| main ()
| {
| return _doprnt ();
|   ;
|   return 0;
| }
configure:6325: result: no
configure:6339: checking for gettimeofday
configure:6339: gcc -o conftest -g -O2   conftest.c  >&5
configure:6339: $? = 0
configure:6339: result: yes
configure:6339: checking for memset
configure:6339: gcc -o conftest -g -O2   conftest.c  >&5
conftest.c:63:6: warning: conflicting types for built-in function 'memset' [-Wbuiltin-declaration-mismatch]
 char memset ();
      ^~~~~~
configure:6339: $? = 0
configure:6339: result: yes
configure:6339: checking for mkdir
configure:6339: gcc -o conftest -g -O2   conftest.c  >&5
configure:6339: $? = 0
configure:6339: result: yes
configure:6339: checking for strcasecmp
configure:6339: gcc -o conftest -g -O2   conftest.c  >&5
conftest.c:65:6: warning: conflicting types for built-in function 'strcasecmp' [-Wbuiltin-declaration-mismatch]
 char strcasecmp ();
      ^~~~~~~~~~
configure:6339: $? = 0
configure:6339: result: yes
configure:6339: checking for strdup
configure:6339: gcc -o conftest -g -O2   conftest.c  >&5
conftest.c:66:6: warning: conflicting types for built-in function 'strdup' [-Wbuiltin-declaration-mismatch]
 char strdup ();
      ^~~~~~
configure:6339: $? = 0
configure:6339: result: yes
configure:6339: checking for strerror
configure:6339: gcc -o conftest -g -O2   conftest.c  >&5
configure:6339: $? = 0
configure:6339: result: yes
configure:6339: checking for strtol
configure:6339: gcc -o conftest -g -O2   conftest.c  >&5
configure:6339: $? = 0
configure:6339: result: yes
configure:6351: checking for floor
configure:6351: gcc -o conftest -g -O2   conftest.c  >&5
conftest.c:69:6: warning: conflicting types for built-in function 'floor' [-Wbuiltin-declaration-mismatch]
 char floor ();
      ^~~~~
/tmp/user/1000/ccTr4lTU.o: In function `main':
/home/jbs/Downloads/np21w-0.86-rev80/src/np21w-0.86/x11/conftest.c:80: undefined reference to `floor'
collect2: error: ld returned 1 exit status
configure:6351: $? = 1
configure: failed program was:
| /* confdefs.h */
| #define PACKAGE_NAME "Xnp2"
| #define PACKAGE_TARNAME "xnp2"
| #define PACKAGE_VERSION "0.86"
| #define PACKAGE_STRING "Xnp2 0.86"
| #define PACKAGE_BUGREPORT "nonakap@gmail.com"
| #define PACKAGE_URL ""
| #define STDC_HEADERS 1
| #define HAVE_DIRENT_H 1
| #define STDC_HEADERS 1
| #define HAVE_SYS_TYPES_H 1
| #define HAVE_SYS_STAT_H 1
| #define HAVE_STDLIB_H 1
| #define HAVE_STRING_H 1
| #define HAVE_MEMORY_H 1
| #define HAVE_STRINGS_H 1
| #define HAVE_INTTYPES_H 1
| #define HAVE_STDINT_H 1
| #define HAVE_UNISTD_H 1
| #define HAVE_FCNTL_H 1
| #define HAVE_LIMITS_H 1
| #define HAVE_MALLOC_H 1
| #define HAVE_STDDEF_H 1
| #define HAVE_STDLIB_H 1
| #define HAVE_STRING_H 1
| #define HAVE_SYS_IOCTL_H 1
| #define HAVE_SYS_PARAM_H 1
| #define HAVE_SYS_SOCKET_H 1
| #define HAVE_SYS_TIME_H 1
| #define HAVE_TERMIOS_H 1
| #define HAVE_UNISTD_H 1
| #define TIME_WITH_SYS_TIME 1
| #define HAVE_PTRDIFF_T 1
| #define HAVE_STDLIB_H 1
| #define HAVE_MALLOC 1
| #define LSTAT_FOLLOWS_SLASHED_SYMLINK 1
| #define HAVE_VPRINTF 1
| #define HAVE_GETTIMEOFDAY 1
| #define HAVE_MEMSET 1
| #define HAVE_MKDIR 1
| #define HAVE_STRCASECMP 1
| #define HAVE_STRDUP 1
| #define HAVE_STRERROR 1
| #define HAVE_STRTOL 1
| /* end confdefs.h.  */
| /* Define floor to an innocuous variant, in case <limits.h> declares floor.
|    For example, HP-UX 11i <limits.h> declares gettimeofday.  */
| #define floor innocuous_floor
| 
| /* System header to define __stub macros and hopefully few prototypes,
|     which can conflict with char floor (); below.
|     Prefer <limits.h> to <assert.h> if __STDC__ is defined, since
|     <limits.h> exists even on freestanding compilers.  */
| 
| #ifdef __STDC__
| # include <limits.h>
| #else
| # include <assert.h>
| #endif
| 
| #undef floor
| 
| /* Override any GCC internal prototype to avoid an error.
|    Use char because int might match the return type of a GCC
|    builtin and then its argument prototype would still apply.  */
| #ifdef __cplusplus
| extern "C"
| #endif
| char floor ();
| /* The GNU C library defines this for functions which it implements
|     to always fail with ENOSYS.  Some functions are actually named
|     something starting with __ and the normal name is an alias.  */
| #if defined __stub_floor || defined __stub___floor
| choke me
| #endif
| 
| int
| main ()
| {
| return floor ();
|   ;
|   return 0;
| }
configure:6351: result: no
configure:6358: checking for floor in -lm
configure:6383: gcc -o conftest -g -O2   conftest.c -lm   >&5
conftest.c:53:6: warning: conflicting types for built-in function 'floor' [-Wbuiltin-declaration-mismatch]
 char floor ();
      ^~~~~
configure:6383: $? = 0
configure:6392: result: yes
configure:6408: checking for pow
configure:6408: gcc -o conftest -g -O2   conftest.c -lm  >&5
conftest.c:70:6: warning: conflicting types for built-in function 'pow' [-Wbuiltin-declaration-mismatch]
 char pow ();
      ^~~
configure:6408: $? = 0
configure:6408: result: yes
configure:6465: checking for sqrt
configure:6465: gcc -o conftest -g -O2   conftest.c -lm  >&5
conftest.c:71:6: warning: conflicting types for built-in function 'sqrt' [-Wbuiltin-declaration-mismatch]
 char sqrt ();
      ^~~~
configure:6465: $? = 0
configure:6465: result: yes
configure:6521: checking for a sed that does not truncate output
configure:6585: result: /bin/sed
configure:6773: checking whether gcc is Clang
configure:6798: result: no
configure:6921: checking whether pthreads work with -pthread
configure:7015: gcc -o conftest -g -O2 -pthread   conftest.c  -lm  >&5
configure:7015: $? = 0
configure:7024: result: yes
configure:7043: checking for joinable pthread attribute
configure:7061: gcc -o conftest -g -O2 -pthread   conftest.c  -lm  >&5
configure:7061: $? = 0
configure:7069: result: PTHREAD_CREATE_JOINABLE
configure:7083: checking whether more special flags are required for pthreads
configure:7096: result: no
configure:7104: checking for PTHREAD_PRIO_INHERIT
configure:7120: gcc -o conftest -g -O2 -pthread   conftest.c  -lm  >&5
configure:7120: $? = 0
configure:7129: result: yes
configure:7235: checking for X
configure:7343: gcc -E  conftest.c
configure:7343: $? = 0
configure:7374: gcc -o conftest -g -O2 -pthread   conftest.c -lX11 -lm   >&5
configure:7374: $? = 0
configure:7424: result: libraries , headers 
configure:7523: gcc -o conftest -g -O2 -pthread   conftest.c -lm    -lX11 >&5
configure:7523: $? = 0
configure:7621: checking for gethostbyname
configure:7621: gcc -o conftest -g -O2 -pthread   conftest.c -lm   >&5
configure:7621: $? = 0
configure:7621: result: yes
configure:7718: checking for connect
configure:7718: gcc -o conftest -g -O2 -pthread   conftest.c -lm   >&5
configure:7718: $? = 0
configure:7718: result: yes
configure:7767: checking for remove
configure:7767: gcc -o conftest -g -O2 -pthread   conftest.c -lm   >&5
configure:7767: $? = 0
configure:7767: result: yes
configure:7816: checking for shmat
configure:7816: gcc -o conftest -g -O2 -pthread   conftest.c -lm   >&5
configure:7816: $? = 0
configure:7816: result: yes
configure:7874: checking for IceConnectionNumber in -lICE
configure:7899: gcc -o conftest -g -O2 -pthread   conftest.c -lICE  -lm   >&5
configure:7899: $? = 0
configure:7908: result: yes
configure:8052: checking for pkg-config
configure:8070: found /usr/bin/pkg-config
configure:8082: result: /usr/bin/pkg-config
configure:8107: checking pkg-config is at least version 0.9.0
configure:8110: result: yes
configure:8120: checking for X11
configure:8127: $PKG_CONFIG --exists --print-errors "x11"
configure:8130: $? = 0
configure:8144: $PKG_CONFIG --exists --print-errors "x11"
configure:8147: $? = 0
configure:8185: result: yes
configure:8193: checking for XEXT
configure:8200: $PKG_CONFIG --exists --print-errors "xext"
configure:8203: $? = 0
configure:8217: $PKG_CONFIG --exists --print-errors "xext"
configure:8220: $? = 0
configure:8278: result: yes
configure:8374: checking for GTK
configure:8381: $PKG_CONFIG --exists --print-errors "gtk+-2.0"
configure:8384: $? = 0
configure:8398: $PKG_CONFIG --exists --print-errors "gtk+-2.0"
configure:8401: $? = 0
configure:8459: result: yes
configure:8512: checking for SDL
configure:8519: $PKG_CONFIG --exists --print-errors "sdl2 >= $min_sdl_version"
configure:8522: $? = 0
configure:8536: $PKG_CONFIG --exists --print-errors "sdl2 >= $min_sdl_version"
configure:8539: $? = 0
configure:8577: result: yes
configure:8855: checking for Mix_OpenAudio in -lSDL2_mixer
configure:8880: gcc -o conftest -g -O2 -pthread   conftest.c -lSDL2_mixer -lSDL2 -lm   >&5
configure:8880: $? = 0
configure:8889: result: yes
configure:9212: checking for LIBUSB1
configure:9219: $PKG_CONFIG --exists --print-errors "libusb-1.0"
configure:9222: $? = 0
configure:9236: $PKG_CONFIG --exists --print-errors "libusb-1.0"
configure:9239: $? = 0
configure:9297: result: yes
configure:9311: checking for XextCreateExtension in -lXext
configure:9336: gcc -o conftest -g -O2 -pthread    conftest.c -lXext   -lSM -lICE   -lm   >&5
configure:9336: $? = 0
configure:9345: result: yes
configure:9353: checking for X11/extensions/xf86vmode.h
configure:9353: gcc -c -g -O2 -pthread   conftest.c >&5
configure:9353: $? = 0
configure:9353: result: yes
configure:9359: checking for XF86VidModeQueryExtension in -lXxf86vm
configure:9384: gcc -o conftest -g -O2 -pthread    conftest.c -lXxf86vm   -lSM -lICE -lXext   -lm   >&5
configure:9384: $? = 0
configure:9393: result: yes
configure:9413: checking for nasm
configure:9429: found /usr/bin/nasm
configure:9440: result: nasm
configure:9453: checking whether to build all programs
configure:9468: result: no
configure:9471: checking whether to use IA-32 emulation
configure:9481: result: no
configure:9484: checking whether to enable debugging
configure:9494: result: no
configure:9497: checking whether to enable warning
configure:9513: result: no
configure:9516: checking whether to enable GTK+ deprecated API
configure:9524: result: yes
configure:9648: checking that generated files are newer than configure
configure:9654: result: done
configure:9694: creating ./config.status

## ---------------------- ##
## Running config.status. ##
## ---------------------- ##

This file was extended by Xnp2 config.status 0.86, which was
generated by GNU Autoconf 2.69.  Invocation command line was

  CONFIG_FILES    = 
  CONFIG_HEADERS  = 
  CONFIG_LINKS    = 
  CONFIG_COMMANDS = 
  $ ./config.status 

on harmonious-computer

config.status:942: creating Makefile
config.status:942: creating config.h
config.status:1123: config.h is unchanged
config.status:1171: executing depfiles commands

## ---------------- ##
## Cache variables. ##
## ---------------- ##

ac_cv_build=x86_64-unknown-linux-gnu
ac_cv_c_bigendian=no
ac_cv_c_char_unsigned=no
ac_cv_c_compiler_gnu=yes
ac_cv_c_const=yes
ac_cv_c_inline=inline
ac_cv_c_volatile=yes
ac_cv_cxx_compiler_gnu=yes
ac_cv_env_CCC_set=
ac_cv_env_CCC_value=
ac_cv_env_CC_set=
ac_cv_env_CC_value=
ac_cv_env_CFLAGS_set=
ac_cv_env_CFLAGS_value=
ac_cv_env_CPPFLAGS_set=
ac_cv_env_CPPFLAGS_value=
ac_cv_env_CPP_set=
ac_cv_env_CPP_value=
ac_cv_env_CXXFLAGS_set=
ac_cv_env_CXXFLAGS_value=
ac_cv_env_CXX_set=
ac_cv_env_CXX_value=
ac_cv_env_GTK_CFLAGS_set=
ac_cv_env_GTK_CFLAGS_value=
ac_cv_env_GTK_LIBS_set=
ac_cv_env_GTK_LIBS_value=
ac_cv_env_LDFLAGS_set=
ac_cv_env_LDFLAGS_value=
ac_cv_env_LIBS_set=
ac_cv_env_LIBS_value=
ac_cv_env_LIBUSB1_CFLAGS_set=
ac_cv_env_LIBUSB1_CFLAGS_value=
ac_cv_env_LIBUSB1_LIBS_set=
ac_cv_env_LIBUSB1_LIBS_value=
ac_cv_env_PKG_CONFIG_LIBDIR_set=
ac_cv_env_PKG_CONFIG_LIBDIR_value=
ac_cv_env_PKG_CONFIG_PATH_set=
ac_cv_env_PKG_CONFIG_PATH_value=
ac_cv_env_PKG_CONFIG_set=
ac_cv_env_PKG_CONFIG_value=
ac_cv_env_SDL2_FRAMEWORK_set=
ac_cv_env_SDL2_FRAMEWORK_value=
ac_cv_env_SDL_CFLAGS_set=
ac_cv_env_SDL_CFLAGS_value=
ac_cv_env_SDL_LIBS_set=
ac_cv_env_SDL_LIBS_value=
ac_cv_env_X11_CFLAGS_set=
ac_cv_env_X11_CFLAGS_value=
ac_cv_env_X11_LIBS_set=
ac_cv_env_X11_LIBS_value=
ac_cv_env_XEXT_CFLAGS_set=
ac_cv_env_XEXT_CFLAGS_value=
ac_cv_env_XEXT_LIBS_set=
ac_cv_env_XEXT_LIBS_value=
ac_cv_env_XMKMF_set=
ac_cv_env_XMKMF_value=
ac_cv_env_build_alias_set=
ac_cv_env_build_alias_value=
ac_cv_env_host_alias_set=
ac_cv_env_host_alias_value=
ac_cv_env_target_alias_set=
ac_cv_env_target_alias_value=
ac_cv_func__doprnt=no
ac_cv_func_closedir_void=no
ac_cv_func_connect=yes
ac_cv_func_floor=no
ac_cv_func_gethostbyname=yes
ac_cv_func_gettimeofday=yes
ac_cv_func_lstat_dereferences_slashed_symlink=yes
ac_cv_func_malloc_0_nonnull=yes
ac_cv_func_memcmp_working=yes
ac_cv_func_memset=yes
ac_cv_func_mkdir=yes
ac_cv_func_pow=yes
ac_cv_func_remove=yes
ac_cv_func_shmat=yes
ac_cv_func_sqrt=yes
ac_cv_func_stat_empty_string_bug=no
ac_cv_func_strcasecmp=yes
ac_cv_func_strdup=yes
ac_cv_func_strerror=yes
ac_cv_func_strtol=yes
ac_cv_func_vprintf=yes
ac_cv_have_x='have_x=yes	ac_x_includes='\'''\''	ac_x_libraries='\'''\'''
ac_cv_header_X11_extensions_xf86vmode_h=yes
ac_cv_header_dirent_dirent_h=yes
ac_cv_header_fcntl_h=yes
ac_cv_header_inttypes_h=yes
ac_cv_header_limits_h=yes
ac_cv_header_malloc_h=yes
ac_cv_header_memory_h=yes
ac_cv_header_stdc=yes
ac_cv_header_stddef_h=yes
ac_cv_header_stdint_h=yes
ac_cv_header_stdlib_h=yes
ac_cv_header_string_h=yes
ac_cv_header_strings_h=yes
ac_cv_header_sys_ioctl_h=yes
ac_cv_header_sys_param_h=yes
ac_cv_header_sys_socket_h=yes
ac_cv_header_sys_stat_h=yes
ac_cv_header_sys_time_h=yes
ac_cv_header_sys_types_h=yes
ac_cv_header_termios_h=yes
ac_cv_header_time=yes
ac_cv_header_unistd_h=yes
ac_cv_host=x86_64-unknown-linux-gnu
ac_cv_lib_ICE_IceConnectionNumber=yes
ac_cv_lib_SDL2_mixer_Mix_OpenAudio=yes
ac_cv_lib_Xext_XextCreateExtension=yes
ac_cv_lib_Xxf86vm_XF86VidModeQueryExtension=yes
ac_cv_lib_m_floor=yes
ac_cv_objext=o
ac_cv_path_EGREP='/bin/grep -E'
ac_cv_path_GREP=/bin/grep
ac_cv_path_SED=/bin/sed
ac_cv_path_ac_pt_PKG_CONFIG=/usr/bin/pkg-config
ac_cv_path_install='/usr/bin/install -c'
ac_cv_path_mkdir=/bin/mkdir
ac_cv_prog_AWK=gawk
ac_cv_prog_CPP='gcc -E'
ac_cv_prog_ac_ct_CC=gcc
ac_cv_prog_ac_ct_CXX=g++
ac_cv_prog_ac_ct_RANLIB=ranlib
ac_cv_prog_cc_c89=
ac_cv_prog_cc_g=yes
ac_cv_prog_cxx_g=yes
ac_cv_prog_gcc_traditional=no
ac_cv_prog_make_make_set=yes
ac_cv_prog_nasm=nasm
ac_cv_save_cflags='-g -O2 -pthread'
ac_cv_search_opendir='none required'
ac_cv_struct_tm=time.h
ac_cv_sys_file_offset_bits=no
ac_cv_sys_largefile_CC=no
ac_cv_type_ptrdiff_t=yes
ac_cv_type_size_t=yes
ac_cv_type_ssize_t=yes
am_cv_CC_dependencies_compiler_type=none
am_cv_CXX_dependencies_compiler_type=none
am_cv_make_support_nested_variables=yes
am_cv_prog_cc_c_o=yes
ax_cv_PTHREAD_CLANG=no
ax_cv_PTHREAD_JOINABLE_ATTR=PTHREAD_CREATE_JOINABLE
ax_cv_PTHREAD_PRIO_INHERIT=yes
ax_cv_PTHREAD_SPECIAL_FLAGS=no
pkg_cv_GTK_CFLAGS='-pthread -I/usr/include/gtk-2.0 -I/usr/lib/x86_64-linux-gnu/gtk-2.0/include -I/usr/include/gio-unix-2.0/ -I/usr/include/cairo -I/usr/include/pango-1.0 -I/usr/include/atk-1.0 -I/usr/include/cairo -I/usr/include/pixman-1 -I/usr/include/gdk-pixbuf-2.0 -I/usr/include/libpng16 -I/usr/include/pango-1.0 -I/usr/include/harfbuzz -I/usr/include/pango-1.0 -I/usr/include/glib-2.0 -I/usr/lib/x86_64-linux-gnu/glib-2.0/include -I/usr/include/freetype2 -I/usr/include/libpng16 -I/usr/include/freetype2 -I/usr/include/libpng16'
pkg_cv_GTK_LIBS='-lgtk-x11-2.0 -lgdk-x11-2.0 -lpangocairo-1.0 -latk-1.0 -lcairo -lgdk_pixbuf-2.0 -lgio-2.0 -lpangoft2-1.0 -lpango-1.0 -lgobject-2.0 -lglib-2.0 -lfontconfig -lfreetype'
pkg_cv_LIBUSB1_CFLAGS=-I/usr/include/libusb-1.0
pkg_cv_LIBUSB1_LIBS=-lusb-1.0
pkg_cv_SDL_CFLAGS='-D_REENTRANT -I/usr/include/SDL2'
pkg_cv_SDL_LIBS=-lSDL2
pkg_cv_X11_CFLAGS=
pkg_cv_X11_LIBS=-lX11
pkg_cv_XEXT_CFLAGS=
pkg_cv_XEXT_LIBS=-lXext

## ----------------- ##
## Output variables. ##
## ----------------- ##

ACLOCAL='${SHELL} /home/jbs/Downloads/np21w-0.86-rev80/src/np21w-0.86/x11/missing aclocal-1.15'
AMDEPBACKSLASH='\'
AMDEP_FALSE='#'
AMDEP_TRUE=''
AMTAR='$${TAR-tar}'
AM_BACKSLASH='\'
AM_DEFAULT_V='$(AM_DEFAULT_VERBOSITY)'
AM_DEFAULT_VERBOSITY='1'
AM_V='$(V)'
AUTOCONF='${SHELL} /home/jbs/Downloads/np21w-0.86-rev80/src/np21w-0.86/x11/missing autoconf'
AUTOHEADER='${SHELL} /home/jbs/Downloads/np21w-0.86-rev80/src/np21w-0.86/x11/missing autoheader'
AUTOMAKE='${SHELL} /home/jbs/Downloads/np21w-0.86-rev80/src/np21w-0.86/x11/missing automake-1.15'
AWK='gawk'
BUILD_ALL_FALSE=''
BUILD_ALL_TRUE='#'
CC='gcc'
CCDEPMODE='depmode=none'
CFLAGS='-g -O2 -pthread'
CPP='gcc -E'
CPPFLAGS=' -DNDEBUG'
CPUCORE_IA32_FALSE=''
CPUCORE_IA32_TRUE='#'
CXX='g++'
CXXDEPMODE='depmode=none'
CXXFLAGS='-g -O2 -pthread'
CYGPATH_W='echo'
DEFS='-DHAVE_CONFIG_H'
DEPDIR='.deps'
ECHO_C=''
ECHO_N='-n'
ECHO_T=''
EGREP='/bin/grep -E'
EXEEXT=''
GREP='/bin/grep'
GTK_CFLAGS='-pthread -I/usr/include/gtk-2.0 -I/usr/lib/x86_64-linux-gnu/gtk-2.0/include -I/usr/include/gio-unix-2.0/ -I/usr/include/cairo -I/usr/include/pango-1.0 -I/usr/include/atk-1.0 -I/usr/include/cairo -I/usr/include/pixman-1 -I/usr/include/gdk-pixbuf-2.0 -I/usr/include/libpng16 -I/usr/include/pango-1.0 -I/usr/include/harfbuzz -I/usr/include/pango-1.0 -I/usr/include/glib-2.0 -I/usr/lib/x86_64-linux-gnu/glib-2.0/include -I/usr/include/freetype2 -I/usr/include/libpng16 -I/usr/include/freetype2 -I/usr/include/libpng16'
GTK_LIBS='-lgtk-x11-2.0 -lgdk-x11-2.0 -lpangocairo-1.0 -latk-1.0 -lcairo -lgdk_pixbuf-2.0 -lgio-2.0 -lpangoft2-1.0 -lpango-1.0 -lgobject-2.0 -lglib-2.0 -lfontconfig -lfreetype'
HAVE_GCC_FALSE='#'
HAVE_GCC_TRUE=''
INSTALL_DATA='${INSTALL} -m 644'
INSTALL_PROGRAM='${INSTALL}'
INSTALL_SCRIPT='${INSTALL}'
INSTALL_STRIP_PROGRAM='$(install_sh) -c -s'
LDFLAGS=''
LIBOBJS=''
LIBS='-lm  '
LIBUSB1_CFLAGS='-I/usr/include/libusb-1.0'
LIBUSB1_LIBS='-lusb-1.0'
LN_S='ln -s'
LTLIBOBJS=''
MAKEINFO='${SHELL} /home/jbs/Downloads/np21w-0.86-rev80/src/np21w-0.86/x11/missing makeinfo'
MKDIR_P='/bin/mkdir -p'
OBJEXT='o'
PACKAGE='xnp2'
PACKAGE_BUGREPORT='nonakap@gmail.com'
PACKAGE_NAME='Xnp2'
PACKAGE_STRING='Xnp2 0.86'
PACKAGE_TARNAME='xnp2'
PACKAGE_URL=''
PACKAGE_VERSION='0.86'
PATH_SEPARATOR=':'
PKG_CONFIG='/usr/bin/pkg-config'
PKG_CONFIG_LIBDIR=''
PKG_CONFIG_PATH=''
PTHREAD_CC='gcc'
PTHREAD_CFLAGS='-pthread'
PTHREAD_LIBS=''
RANLIB='ranlib'
SDL2_CONFIG='pkg-config sdl2'
SDL2_FRAMEWORK=''
SDL_CFLAGS='-D_REENTRANT -I/usr/include/SDL2'
SDL_CONFIG=''
SDL_LIBS='-lSDL2 -lSDL2_mixer'
SED='/bin/sed'
SET_MAKE=''
SHELL='/bin/bash'
STRIP=''
VERSION='0.86'
X11_CFLAGS=''
X11_LIBS='-lX11'
XEXT_CFLAGS=''
XEXT_LIBS='-lXext'
XMKMF=''
X_CFLAGS=''
X_EXTRA_LIBS=''
X_LIBS=''
X_PRE_LIBS=' -lSM -lICE -lXxf86vm'
ac_ct_CC='gcc'
ac_ct_CXX='g++'
am__EXEEXT_FALSE=''
am__EXEEXT_TRUE='#'
am__fastdepCC_FALSE=''
am__fastdepCC_TRUE='#'
am__fastdepCXX_FALSE=''
am__fastdepCXX_TRUE='#'
am__include='include'
am__isrc=''
am__leading_dot='.'
am__nodep='_no'
am__quote=''
am__tar='$${TAR-tar} chof - "$$tardir"'
am__untar='$${TAR-tar} xf -'
ax_pthread_config=''
bindir='${exec_prefix}/bin'
build='x86_64-unknown-linux-gnu'
build_alias=''
build_cpu='x86_64'
build_os='linux-gnu'
build_vendor='unknown'
datadir='${datarootdir}'
datarootdir='${prefix}/share'
docdir='${datarootdir}/doc/${PACKAGE_TARNAME}'
dvidir='${docdir}'
exec_prefix='${prefix}'
host='x86_64-unknown-linux-gnu'
host_alias=''
host_cpu='x86_64'
host_os='linux-gnu'
host_vendor='unknown'
htmldir='${docdir}'
includedir='${prefix}/include'
infodir='${datarootdir}/info'
install_sh='${SHELL} /home/jbs/Downloads/np21w-0.86-rev80/src/np21w-0.86/x11/install-sh'
libdir='${exec_prefix}/lib'
libexecdir='${exec_prefix}/libexec'
localedir='${datarootdir}/locale'
localstatedir='${prefix}/var'
mandir='${datarootdir}/man'
mkdir_p='$(MKDIR_P)'
nasm='nasm'
oldincludedir='/usr/include'
pdfdir='${docdir}'
prefix='/usr/local'
program_transform_name='s,x,x,'
psdir='${docdir}'
runstatedir='${localstatedir}/run'
sbindir='${exec_prefix}/sbin'
sharedstatedir='${prefix}/com'
sysconfdir='${prefix}/etc'
target_alias=''

## ----------- ##
## confdefs.h. ##
## ----------- ##

/* confdefs.h */
#define PACKAGE_NAME "Xnp2"
#define PACKAGE_TARNAME "xnp2"
#define PACKAGE_VERSION "0.86"
#define PACKAGE_STRING "Xnp2 0.86"
#define PACKAGE_BUGREPORT "nonakap@gmail.com"
#define PACKAGE_URL ""
#define STDC_HEADERS 1
#define HAVE_DIRENT_H 1
#define STDC_HEADERS 1
#define HAVE_SYS_TYPES_H 1
#define HAVE_SYS_STAT_H 1
#define HAVE_STDLIB_H 1
#define HAVE_STRING_H 1
#define HAVE_MEMORY_H 1
#define HAVE_STRINGS_H 1
#define HAVE_INTTYPES_H 1
#define HAVE_STDINT_H 1
#define HAVE_UNISTD_H 1
#define HAVE_FCNTL_H 1
#define HAVE_LIMITS_H 1
#define HAVE_MALLOC_H 1
#define HAVE_STDDEF_H 1
#define HAVE_STDLIB_H 1
#define HAVE_STRING_H 1
#define HAVE_SYS_IOCTL_H 1
#define HAVE_SYS_PARAM_H 1
#define HAVE_SYS_SOCKET_H 1
#define HAVE_SYS_TIME_H 1
#define HAVE_TERMIOS_H 1
#define HAVE_UNISTD_H 1
#define TIME_WITH_SYS_TIME 1
#define HAVE_PTRDIFF_T 1
#define HAVE_STDLIB_H 1
#define HAVE_MALLOC 1
#define LSTAT_FOLLOWS_SLASHED_SYMLINK 1
#define HAVE_VPRINTF 1
#define HAVE_GETTIMEOFDAY 1
#define HAVE_MEMSET 1
#define HAVE_MKDIR 1
#define HAVE_STRCASECMP 1
#define HAVE_STRDUP 1
#define HAVE_STRERROR 1
#define HAVE_STRTOL 1
#define HAVE_LIBM 1
#define HAVE_POW 1
#define HAVE_SQRT 1
#define HAVE_PTHREAD_PRIO_INHERIT 1
#define HAVE_PTHREAD 1
#define USE_GTK2 1
#define USE_SDLAUDIO /**/
#define USE_SDLMIXER /**/
#define USE_LIBUSB1 1
#define HAVE_X11_EXTENSIONS_XF86VMODE_H 1
#define HAVE_XF86VIDMODE 1

configure: exit 0
